# JRE version: OpenJDK Runtime Environment (8.0_202-b03) (build 1.8.0_202-release-1483-b03)
# Java VM: OpenJDK 64-Bit Server VM (25.202-b03 mixed mode windows-amd64 compressed oops)
Heap:
 PSYoungGen      total 305664K, used 241385K [0x00000000eab00000, 0x0000000100000000, 0x0000000100000000)
  eden space 262144K, 92% used [0x00000000eab00000,0x00000000f96ba528,0x00000000fab00000)
  from space 43520K, 0% used [0x00000000fd580000,0x00000000fd580000,0x0000000100000000)
  to   space 43520K, 0% used [0x00000000fab00000,0x00000000fab00000,0x00000000fd580000)
 ParOldGen       total 699392K, used 25564K [0x00000000c0000000, 0x00000000eab00000, 0x00000000eab00000)
  object space 699392K, 3% used [0x00000000c0000000,0x00000000c18f71e8,0x00000000eab00000)
 Metaspace       used 55178K, capacity 56598K, committed 56832K, reserved 1097728K
  class space    used 7499K, capacity 7880K, committed 7936K, reserved 1048576K
GC Heap History (8 events):
Event: 15.304 GC heap before
{Heap before GC invocations=1 (full 0):
 PSYoungGen      total 305664K, used 235951K [0x00000000eab00000, 0x0000000100000000, 0x0000000100000000)
  eden space 262144K, 90% used [0x00000000eab00000,0x00000000f916bc58,0x00000000fab00000)
  from space 43520K, 0% used [0x00000000fd580000,0x00000000fd580000,0x0000000100000000)
  to   space 43520K, 0% used [0x00000000fab00000,0x00000000fab00000,0x00000000fd580000)
 ParOldGen       total 699392K, used 0K [0x00000000c0000000, 0x00000000eab00000, 0x00000000eab00000)
  object space 699392K, 0% used [0x00000000c0000000,0x00000000c0000000,0x00000000eab00000)
 Metaspace       used 20713K, capacity 21154K, committed 21296K, reserved 1067008K
  class space    used 2920K, capacity 3120K, committed 3200K, reserved 1048576K
Event: 15.331 GC heap after
Heap after GC invocations=1 (full 0):
 PSYoungGen      total 305664K, used 19830K [0x00000000eab00000, 0x0000000100000000, 0x0000000100000000)
  eden space 262144K, 0% used [0x00000000eab00000,0x00000000eab00000,0x00000000fab00000)
  from space 43520K, 45% used [0x00000000fab00000,0x00000000fbe5d968,0x00000000fd580000)
  to   space 43520K, 0% used [0x00000000fd580000,0x00000000fd580000,0x0000000100000000)
 ParOldGen       total 699392K, used 24K [0x00000000c0000000, 0x00000000eab00000, 0x00000000eab00000)
  object space 699392K, 0% used [0x00000000c0000000,0x00000000c0006000,0x00000000eab00000)
 Metaspace       used 20713K, capacity 21154K, committed 21296K, reserved 1067008K
  class space    used 2920K, capacity 3120K, committed 3200K, reserved 1048576K
}
Event: 15.331 GC heap before
{Heap before GC invocations=2 (full 1):
 PSYoungGen      total 305664K, used 19830K [0x00000000eab00000, 0x0000000100000000, 0x0000000100000000)
  eden space 262144K, 0% used [0x00000000eab00000,0x00000000eab00000,0x00000000fab00000)
  from space 43520K, 45% used [0x00000000fab00000,0x00000000fbe5d968,0x00000000fd580000)
  to   space 43520K, 0% used [0x00000000fd580000,0x00000000fd580000,0x0000000100000000)
 ParOldGen       total 699392K, used 24K [0x00000000c0000000, 0x00000000eab00000, 0x00000000eab00000)
  object space 699392K, 0% used [0x00000000c0000000,0x00000000c0006000,0x00000000eab00000)
 Metaspace       used 20713K, capacity 21154K, committed 21296K, reserved 1067008K
  class space    used 2920K, capacity 3120K, committed 3200K, reserved 1048576K
Event: 15.370 GC heap after
Heap after GC invocations=2 (full 1):
 PSYoungGen      total 305664K, used 0K [0x00000000eab00000, 0x0000000100000000, 0x0000000100000000)
  eden space 262144K, 0% used [0x00000000eab00000,0x00000000eab00000,0x00000000fab00000)
  from space 43520K, 0% used [0x00000000fab00000,0x00000000fab00000,0x00000000fd580000)
  to   space 43520K, 0% used [0x00000000fd580000,0x00000000fd580000,0x0000000100000000)
 ParOldGen       total 699392K, used 19095K [0x00000000c0000000, 0x00000000eab00000, 0x00000000eab00000)
  object space 699392K, 2% used [0x00000000c0000000,0x00000000c12a5d48,0x00000000eab00000)
 Metaspace       used 20713K, capacity 21154K, committed 21296K, reserved 1067008K
  class space    used 2920K, capacity 3120K, committed 3200K, reserved 1048576K
}
Event: 22.848 GC heap before
{Heap before GC invocations=3 (full 1):
 PSYoungGen      total 305664K, used 196835K [0x00000000eab00000, 0x0000000100000000, 0x0000000100000000)
  eden space 262144K, 75% used [0x00000000eab00000,0x00000000f6b38e20,0x00000000fab00000)
  from space 43520K, 0% used [0x00000000fab00000,0x00000000fab00000,0x00000000fd580000)
  to   space 43520K, 0% used [0x00000000fd580000,0x00000000fd580000,0x0000000100000000)
 ParOldGen       total 699392K, used 19095K [0x00000000c0000000, 0x00000000eab00000, 0x00000000eab00000)
  object space 699392K, 2% used [0x00000000c0000000,0x00000000c12a5d48,0x00000000eab00000)
 Metaspace       used 34768K, capacity 35434K, committed 35496K, reserved 1079296K
  class space    used 4876K, capacity 5119K, committed 5120K, reserved 1048576K
Event: 22.863 GC heap after
Heap after GC invocations=3 (full 1):
 PSYoungGen      total 305664K, used 18736K [0x00000000eab00000, 0x0000000100000000, 0x0000000100000000)
  eden space 262144K, 0% used [0x00000000eab00000,0x00000000eab00000,0x00000000fab00000)
  from space 43520K, 43% used [0x00000000fd580000,0x00000000fe7cc008,0x0000000100000000)
  to   space 43520K, 0% used [0x00000000fab00000,0x00000000fab00000,0x00000000fd580000)
 ParOldGen       total 699392K, used 19103K [0x00000000c0000000, 0x00000000eab00000, 0x00000000eab00000)
  object space 699392K, 2% used [0x00000000c0000000,0x00000000c12a7d48,0x00000000eab00000)
 Metaspace       used 34768K, capacity 35434K, committed 35496K, reserved 1079296K
  class space    used 4876K, capacity 5119K, committed 5120K, reserved 1048576K
}
Event: 22.863 GC heap before
{Heap before GC invocations=4 (full 2):
 PSYoungGen      total 305664K, used 18736K [0x00000000eab00000, 0x0000000100000000, 0x0000000100000000)
  eden space 262144K, 0% used [0x00000000eab00000,0x00000000eab00000,0x00000000fab00000)
  from space 43520K, 43% used [0x00000000fd580000,0x00000000fe7cc008,0x0000000100000000)
  to   space 43520K, 0% used [0x00000000fab00000,0x00000000fab00000,0x00000000fd580000)
 ParOldGen       total 699392K, used 19103K [0x00000000c0000000, 0x00000000eab00000, 0x00000000eab00000)
  object space 699392K, 2% used [0x00000000c0000000,0x00000000c12a7d48,0x00000000eab00000)
 Metaspace       used 34768K, capacity 35434K, committed 35496K, reserved 1079296K
  class space    used 4876K, capacity 5119K, committed 5120K, reserved 1048576K
Event: 22.912 GC heap after
Heap after GC invocations=4 (full 2):
 PSYoungGen      total 305664K, used 0K [0x00000000eab00000, 0x0000000100000000, 0x0000000100000000)
  eden space 262144K, 0% used [0x00000000eab00000,0x00000000eab00000,0x00000000fab00000)
  from space 43520K, 0% used [0x00000000fd580000,0x00000000fd580000,0x0000000100000000)
  to   space 43520K, 0% used [0x00000000fab00000,0x00000000fab00000,0x00000000fd580000)
 ParOldGen       total 699392K, used 25564K [0x00000000c0000000, 0x00000000eab00000, 0x00000000eab00000)
  object space 699392K, 3% used [0x00000000c0000000,0x00000000c18f71e8,0x00000000eab00000)
 Metaspace       used 34768K, capacity 35434K, committed 35496K, reserved 1079296K
  class space    used 4876K, capacity 5119K, committed 5120K, reserved 1048576K
}

