# JRE version: OpenJDK Runtime Environment (8.0_202-b03) (build 1.8.0_202-release-1483-b03)
# Java VM: OpenJDK 64-Bit Server VM (25.202-b03 mixed mode windows-amd64 compressed oops)
Heap:
 PSYoungGen      total 305664K, used 130347K [0x00000000eab00000, 0x0000000100000000, 0x0000000100000000)
  eden space 262144K, 49% used [0x00000000eab00000,0x00000000f2a4ad00,0x00000000fab00000)
  from space 43520K, 0% used [0x00000000fab00000,0x00000000fab00000,0x00000000fd580000)
  to   space 43520K, 0% used [0x00000000fd580000,0x00000000fd580000,0x0000000100000000)
 ParOldGen       total 699392K, used 18104K [0x00000000c0000000, 0x00000000eab00000, 0x00000000eab00000)
  object space 699392K, 2% used [0x00000000c0000000,0x00000000c11ae3d8,0x00000000eab00000)
 Metaspace       used 29400K, capacity 29714K, committed 29952K, reserved 1075200K
  class space    used 4100K, capacity 4234K, committed 4352K, reserved 1048576K
GC Heap History (4 events):
Event: 2.751 GC heap before
{Heap before GC invocations=1 (full 0):
 PSYoungGen      total 305664K, used 225463K [0x00000000eab00000, 0x0000000100000000, 0x0000000100000000)
  eden space 262144K, 86% used [0x00000000eab00000,0x00000000f872dfc8,0x00000000fab00000)
  from space 43520K, 0% used [0x00000000fd580000,0x00000000fd580000,0x0000000100000000)
  to   space 43520K, 0% used [0x00000000fab00000,0x00000000fab00000,0x00000000fd580000)
 ParOldGen       total 699392K, used 0K [0x00000000c0000000, 0x00000000eab00000, 0x00000000eab00000)
  object space 699392K, 0% used [0x00000000c0000000,0x00000000c0000000,0x00000000eab00000)
 Metaspace       used 20855K, capacity 21176K, committed 21248K, reserved 1067008K
  class space    used 2915K, capacity 3060K, committed 3072K, reserved 1048576K
Event: 2.776 GC heap after
Heap after GC invocations=1 (full 0):
 PSYoungGen      total 305664K, used 18873K [0x00000000eab00000, 0x0000000100000000, 0x0000000100000000)
  eden space 262144K, 0% used [0x00000000eab00000,0x00000000eab00000,0x00000000fab00000)
  from space 43520K, 43% used [0x00000000fab00000,0x00000000fbd6e7e8,0x00000000fd580000)
  to   space 43520K, 0% used [0x00000000fd580000,0x00000000fd580000,0x0000000100000000)
 ParOldGen       total 699392K, used 16K [0x00000000c0000000, 0x00000000eab00000, 0x00000000eab00000)
  object space 699392K, 0% used [0x00000000c0000000,0x00000000c0004000,0x00000000eab00000)
 Metaspace       used 20855K, capacity 21176K, committed 21248K, reserved 1067008K
  class space    used 2915K, capacity 3060K, committed 3072K, reserved 1048576K
}
Event: 2.776 GC heap before
{Heap before GC invocations=2 (full 1):
 PSYoungGen      total 305664K, used 18873K [0x00000000eab00000, 0x0000000100000000, 0x0000000100000000)
  eden space 262144K, 0% used [0x00000000eab00000,0x00000000eab00000,0x00000000fab00000)
  from space 43520K, 43% used [0x00000000fab00000,0x00000000fbd6e7e8,0x00000000fd580000)
  to   space 43520K, 0% used [0x00000000fd580000,0x00000000fd580000,0x0000000100000000)
 ParOldGen       total 699392K, used 16K [0x00000000c0000000, 0x00000000eab00000, 0x00000000eab00000)
  object space 699392K, 0% used [0x00000000c0000000,0x00000000c0004000,0x00000000eab00000)
 Metaspace       used 20855K, capacity 21176K, committed 21248K, reserved 1067008K
  class space    used 2915K, capacity 3060K, committed 3072K, reserved 1048576K
Event: 2.820 GC heap after
Heap after GC invocations=2 (full 1):
 PSYoungGen      total 305664K, used 0K [0x00000000eab00000, 0x0000000100000000, 0x0000000100000000)
  eden space 262144K, 0% used [0x00000000eab00000,0x00000000eab00000,0x00000000fab00000)
  from space 43520K, 0% used [0x00000000fab00000,0x00000000fab00000,0x00000000fd580000)
  to   space 43520K, 0% used [0x00000000fd580000,0x00000000fd580000,0x0000000100000000)
 ParOldGen       total 699392K, used 18104K [0x00000000c0000000, 0x00000000eab00000, 0x00000000eab00000)
  object space 699392K, 2% used [0x00000000c0000000,0x00000000c11ae3d8,0x00000000eab00000)
 Metaspace       used 20855K, capacity 21176K, committed 21248K, reserved 1067008K
  class space    used 2915K, capacity 3060K, committed 3072K, reserved 1048576K
}

